<?xml version='1.0' encoding='UTF-8'?>
<testsuite hostname="Kevins-MacBook-Pro.local" name="ProblemCheck" tests="3" errors="0" failures="0" skipped="0" time="0.051" timestamp="2020-01-20T20:29:45">
                     <properties>
      <property name="awt.toolkit" value="sun.lwawt.macosx.LWCToolkit"/><property name="java.specification.version" value="10"/><property name="sun.cpu.isalist" value=""/><property name="sun.jnu.encoding" value="UTF-8"/><property name="sun.arch.data.model" value="64"/><property name="sbt.supershell" value="false"/><property name="java.vendor.url" value="http://java.oracle.com/"/><property name="sun.boot.library.path" value="/Library/Java/JavaVirtualMachines/jdk-10.0.2.jdk/Contents/Home/lib"/><property name="sun.java.command" value="/Users/kevin/Library/Application Support/IntelliJIdea2019.3/Scala/launcher/sbt-launch.jar early(addPluginSbtFile=&quot;&quot;&quot;/private/var/folders/hf/wm3cm_r52cl0pn5v255nmx_h0000gn/T/idea.sbt&quot;&quot;&quot;) ; set ideaPort in Global := 55485 ; idea-shell"/><property name="jdk.debug" value="release"/><property name="java.specification.vendor" value="Oracle Corporation"/><property name="java.version.date" value="2018-07-17"/><property name="java.home" value="/Library/Java/JavaVirtualMachines/jdk-10.0.2.jdk/Contents/Home"/><property name="file.separator" value="/"/><property name="java.vm.compressedOopsMode" value="Zero based"/><property name="line.separator" value="
"/><property name="java.specification.name" value="Java Platform API Specification"/><property name="java.vm.specification.vendor" value="Oracle Corporation"/><property name="sun.management.compiler" value="HotSpot 64-Bit Tiered Compilers"/><property name="java.runtime.version" value="10.0.2+13"/><property name="user.name" value="kevin"/><property name="log4j.ignoreTCL" value="true"/><property name="file.encoding" value="UTF-8"/><property name="jnidispatch.path" value="/var/folders/hf/wm3cm_r52cl0pn5v255nmx_h0000gn/T/jna-101942401/jna3701788220861197909.tmp"/><property name="java.vendor.version" value="18.3"/><property name="jna.loaded" value="true"/><property name="java.io.tmpdir" value="/var/folders/hf/wm3cm_r52cl0pn5v255nmx_h0000gn/T/"/><property name="java.version" value="10.0.2"/><property name="java.vm.specification.name" value="Java Virtual Machine Specification"/><property name="java.awt.printerjob" value="sun.lwawt.macosx.CPrinterJob"/><property name="sun.os.patch.level" value="unknown"/><property name="java.library.path" value="/Users/kevin/Library/Java/Extensions:/Library/Java/Extensions:/Network/Library/Java/Extensions:/System/Library/Java/Extensions:/usr/lib/java:."/><property name="java.vendor" value="Oracle Corporation"/><property name="sun.io.unicode.encoding" value="UnicodeBig"/><property name="socksNonProxyHosts" value="local|*.local|169.254/16|*.169.254/16"/><property name="gopherProxySet" value="false"/><property name="file.encoding.pkg" value="sun.io"/><property name="java.class.path" value="/Users/kevin/Library/Application Support/IntelliJIdea2019.3/Scala/launcher/sbt-launch.jar"/><property name="java.vm.vendor" value="&quot;Oracle Corporation&quot;"/><property name="jline.shutdownhook" value="false"/><property name="user.timezone" value="America/Los_Angeles"/><property name="os.name" value="Mac OS X"/><property name="java.vm.specification.version" value="10"/><property name="sun.java.launcher" value="SUN_STANDARD"/><property name="user.country" value="US"/><property name="http.nonProxyHosts" value="local|*.local|169.254/16|*.169.254/16"/><property name="sun.cpu.endian" value="little"/><property name="user.home" value="/Users/kevin"/><property name="user.language" value="en"/><property name="swoval.tmpdir" value="/Users/kevin/.sbt/1.0"/><property name="java.awt.graphicsenv" value="sun.awt.CGraphicsEnvironment"/><property name="jline.esc.timeout" value="0"/><property name="ftp.nonProxyHosts" value="local|*.local|169.254/16|*.169.254/16"/><property name="path.separator" value=":"/><property name="os.version" value="10.15.2"/><property name="jna.nosys" value="true"/><property name="java.runtime.name" value="Java(TM) SE Runtime Environment"/><property name="java.vm.name" value="Java HotSpot(TM) 64-Bit Server VM"/><property name="jna.platform.library.path" value="/usr/lib:/usr/lib"/><property name="java.vendor.url.bug" value="http://bugreport.java.com/bugreport/"/><property name="user.dir" value="/Users/kevin/Dropbox/Github/Project_Euler"/><property name="os.arch" value="x86_64"/><property name="idea.managed" value="true"/><property name="java.vm.info" value="mixed mode"/><property name="java.vm.version" value="10.0.2+13"/><property name="java.class.version" value="54.0"/>
    </properties>
                     <testcase classname="ProblemCheck" name="Problem 1 with value of 10 should give the answer 23" time="0.04">
                                                 
                                               </testcase><testcase classname="ProblemCheck" name="Problem 2 with value of 4000000 should give the answer 4613732" time="0.008">
                                                 
                                               </testcase><testcase classname="ProblemCheck" name="Problem 3 with value of 13195 should give the answer 29" time="0.003">
                                                 
                                               </testcase>
                     <system-out><![CDATA[]]></system-out>
                     <system-err><![CDATA[]]></system-err>
                   </testsuite>